0 info it worked if it ends with ok
1 verbose cli [ 'C:\\Program Files\\nodejs\\node.exe',
1 verbose cli   'C:\\Program Files\\nodejs\\node_modules\\npm\\bin\\npm-cli.js',
1 verbose cli   'install',
1 verbose cli   '-g',
1 verbose cli   'n' ]
2 info using npm@2.15.9
3 info using node@v4.5.0
4 verbose install initial load of C:\Users\Kolins\AppData\Roaming\npm\package.json
5 verbose readDependencies loading dependencies from C:\Users\Kolins\AppData\Roaming\npm\package.json
6 silly cache add args [ 'n', null ]
7 verbose cache add spec n
8 silly cache add parsed spec Result {
8 silly cache add   raw: 'n',
8 silly cache add   scope: null,
8 silly cache add   name: 'n',
8 silly cache add   rawSpec: '',
8 silly cache add   spec: 'latest',
8 silly cache add   type: 'tag' }
9 silly addNamed n@latest
10 verbose addNamed "latest" is being treated as a dist-tag for n
11 info addNameTag [ 'n', 'latest' ]
12 silly mapToRegistry name n
13 silly mapToRegistry using default registry
14 silly mapToRegistry registry https://registry.npmjs.org/
15 silly mapToRegistry data Result {
15 silly mapToRegistry   raw: 'n',
15 silly mapToRegistry   scope: null,
15 silly mapToRegistry   name: 'n',
15 silly mapToRegistry   rawSpec: '',
15 silly mapToRegistry   spec: 'latest',
15 silly mapToRegistry   type: 'tag' }
16 silly mapToRegistry uri https://registry.npmjs.org/n
17 verbose addNameTag registry:https://registry.npmjs.org/n not in flight; fetching
18 verbose request uri https://registry.npmjs.org/n
19 verbose request no auth needed
20 info attempt registry request try #1 at 11:15:18 AM
21 verbose request id e5c896b751b57985
22 http request GET https://registry.npmjs.org/n
23 http 200 https://registry.npmjs.org/n
24 verbose headers { server: 'nginx/1.10.3',
24 verbose headers   'content-type': 'application/json',
24 verbose headers   'last-modified': 'Tue, 04 Jul 2017 14:55:10 GMT',
24 verbose headers   etag: 'W/"595bac4e-11695"',
24 verbose headers   'content-encoding': 'gzip',
24 verbose headers   'cache-control': 'max-age=300',
24 verbose headers   'content-length': '11770',
24 verbose headers   'accept-ranges': 'bytes',
24 verbose headers   date: 'Wed, 05 Jul 2017 18:15:14 GMT',
24 verbose headers   via: '1.1 varnish',
24 verbose headers   age: '0',
24 verbose headers   connection: 'keep-alive',
24 verbose headers   'x-served-by': 'cache-lax8651-LAX',
24 verbose headers   'x-cache': 'HIT',
24 verbose headers   'x-cache-hits': '1',
24 verbose headers   'x-timer': 'S1499278514.467172,VS0,VE30',
24 verbose headers   vary: 'Accept-Encoding' }
25 silly get cb [ 200,
25 silly get   { server: 'nginx/1.10.3',
25 silly get     'content-type': 'application/json',
25 silly get     'last-modified': 'Tue, 04 Jul 2017 14:55:10 GMT',
25 silly get     etag: 'W/"595bac4e-11695"',
25 silly get     'content-encoding': 'gzip',
25 silly get     'cache-control': 'max-age=300',
25 silly get     'content-length': '11770',
25 silly get     'accept-ranges': 'bytes',
25 silly get     date: 'Wed, 05 Jul 2017 18:15:14 GMT',
25 silly get     via: '1.1 varnish',
25 silly get     age: '0',
25 silly get     connection: 'keep-alive',
25 silly get     'x-served-by': 'cache-lax8651-LAX',
25 silly get     'x-cache': 'HIT',
25 silly get     'x-cache-hits': '1',
25 silly get     'x-timer': 'S1499278514.467172,VS0,VE30',
25 silly get     vary: 'Accept-Encoding' } ]
26 verbose get saving n to C:\Users\Kolins\AppData\Roaming\npm-cache\registry.npmjs.org\n\.cache.json
27 verbose correctMkdir C:\Users\Kolins\AppData\Roaming\npm-cache correctMkdir not in flight; initializing
28 verbose makeDirectory C:\Users\Kolins\AppData\Roaming\npm-cache creation not in flight; initializing
29 verbose makeCacheDir UID & GID are irrelevant on win32
30 silly addNameTag next cb for n with tag latest
31 silly addNamed n@2.1.8
32 verbose addNamed "2.1.8" is a plain semver version for n
33 silly mapToRegistry name n
34 silly mapToRegistry using default registry
35 silly mapToRegistry registry https://registry.npmjs.org/
36 silly mapToRegistry data Result {
36 silly mapToRegistry   raw: 'n',
36 silly mapToRegistry   scope: null,
36 silly mapToRegistry   name: 'n',
36 silly mapToRegistry   rawSpec: '',
36 silly mapToRegistry   spec: 'latest',
36 silly mapToRegistry   type: 'tag' }
37 silly mapToRegistry uri https://registry.npmjs.org/n
38 verbose addRemoteTarball https://registry.npmjs.org/n/-/n-2.1.8.tgz not in flight; adding
39 verbose addRemoteTarball [ 'https://registry.npmjs.org/n/-/n-2.1.8.tgz',
39 verbose addRemoteTarball   '9b770f6ae0a93c49c64fb614625a63cc5a22d1fd' ]
40 info retry fetch attempt 1 at 11:15:18 AM
41 info attempt registry request try #1 at 11:15:18 AM
42 http fetch GET https://registry.npmjs.org/n/-/n-2.1.8.tgz
43 http fetch 200 https://registry.npmjs.org/n/-/n-2.1.8.tgz
44 silly fetchAndShaCheck shasum 9b770f6ae0a93c49c64fb614625a63cc5a22d1fd
45 verbose addTmpTarball C:\Users\Kolins\AppData\Local\Temp\npm-12020-3f177312\registry.npmjs.org\n\-\n-2.1.8.tgz not in flight; adding
46 verbose addTmpTarball already have metadata; skipping unpack for n@2.1.8
47 verbose correctMkdir C:\Users\Kolins\AppData\Roaming\npm-cache correctMkdir not in flight; initializing
48 silly cache afterAdd n@2.1.8
49 verbose afterAdd C:\Users\Kolins\AppData\Roaming\npm-cache\n\2.1.8\package\package.json not in flight; writing
50 verbose correctMkdir C:\Users\Kolins\AppData\Roaming\npm-cache correctMkdir not in flight; initializing
51 verbose afterAdd C:\Users\Kolins\AppData\Roaming\npm-cache\n\2.1.8\package\package.json written
52 silly install resolved [ { name: 'n',
52 silly install resolved     description: 'Interactively Manage All Your Node Versions',
52 silly install resolved     version: '2.1.8',
52 silly install resolved     author: { name: 'TJ Holowaychuk', email: 'tj@vision-media.ca' },
52 silly install resolved     homepage: 'https://github.com/tj/n',
52 silly install resolved     bugs: { url: 'https://github.com/tj/n/issues' },
52 silly install resolved     contributors: [ [Object], [Object], [Object] ],
52 silly install resolved     keywords:
52 silly install resolved      [ 'nvm',
52 silly install resolved        'node',
52 silly install resolved        'version',
52 silly install resolved        'manager',
52 silly install resolved        'switcher',
52 silly install resolved        'node',
52 silly install resolved        'binary',
52 silly install resolved        'env' ],
52 silly install resolved     bin: { n: './bin/n' },
52 silly install resolved     repository: { type: 'git', url: 'git://github.com/tj/n.git' },
52 silly install resolved     preferGlobal: true,
52 silly install resolved     os: [ '!win32' ],
52 silly install resolved     engines: { node: '*' },
52 silly install resolved     license: 'MIT',
52 silly install resolved     gitHead: '14ab6ff01f3b673e2e29f465a00e0b29643bb8d9',
52 silly install resolved     _id: 'n@2.1.8',
52 silly install resolved     _npmVersion: '5.0.3',
52 silly install resolved     _nodeVersion: '8.1.2',
52 silly install resolved     _npmUser: { name: 'troy0820', email: 'troy0820@gmail.com' },
52 silly install resolved     dist:
52 silly install resolved      { integrity: 'sha512-VN3To6jBHSdTHmv+fT00V1nBdj3MWdcOlEKBEaUtXKRqQhuN289B9Jym9P/L3rXfafAsapmh4Fcr/DUR8DGJVg==',
52 silly install resolved        shasum: '9b770f6ae0a93c49c64fb614625a63cc5a22d1fd',
52 silly install resolved        tarball: 'https://registry.npmjs.org/n/-/n-2.1.8.tgz' },
52 silly install resolved     maintainers: [ [Object], [Object], [Object], [Object], [Object], [Object] ],
52 silly install resolved     _npmOperationalInternal:
52 silly install resolved      { host: 's3://npm-registry-packages',
52 silly install resolved        tmp: 'tmp/n-2.1.8.tgz_1498880450388_0.9696143395267427' },
52 silly install resolved     directories: {},
52 silly install resolved     _shasum: '9b770f6ae0a93c49c64fb614625a63cc5a22d1fd',
52 silly install resolved     _resolved: 'https://registry.npmjs.org/n/-/n-2.1.8.tgz',
52 silly install resolved     _from: 'n@latest' } ]
53 info install n@2.1.8 into C:\Users\Kolins\AppData\Roaming\npm
54 info installOne n@2.1.8
55 verbose installOne of n to C:\Users\Kolins\AppData\Roaming\npm not in flight; installing
56 verbose correctMkdir C:\Users\Kolins\AppData\Roaming\npm-cache\_locks correctMkdir not in flight; initializing
57 verbose makeDirectory C:\Users\Kolins\AppData\Roaming\npm-cache\_locks creation not in flight; initializing
58 verbose makeCacheDir UID & GID are irrelevant on win32
59 verbose lock using C:\Users\Kolins\AppData\Roaming\npm-cache\_locks\n-b1eca59b1cef0f8c.lock for C:\Users\Kolins\AppData\Roaming\npm\node_modules\n
60 verbose unlock done using C:\Users\Kolins\AppData\Roaming\npm-cache\_locks\n-b1eca59b1cef0f8c.lock for C:\Users\Kolins\AppData\Roaming\npm\node_modules\n
61 verbose stack Error: Unsupported
61 verbose stack     at checkPlatform (C:\Program Files\nodejs\node_modules\npm\node_modules\npm-install-checks\index.js:47:14)
61 verbose stack     at Array.<anonymous> (C:\Program Files\nodejs\node_modules\npm\node_modules\slide\lib\bind-actor.js:15:8)
61 verbose stack     at LOOP (C:\Program Files\nodejs\node_modules\npm\node_modules\slide\lib\chain.js:15:14)
61 verbose stack     at C:\Program Files\nodejs\node_modules\npm\node_modules\slide\lib\chain.js:18:7
61 verbose stack     at checkEngine (C:\Program Files\nodejs\node_modules\npm\node_modules\npm-install-checks\index.js:26:10)
61 verbose stack     at Array.<anonymous> (C:\Program Files\nodejs\node_modules\npm\node_modules\slide\lib\bind-actor.js:15:8)
61 verbose stack     at LOOP (C:\Program Files\nodejs\node_modules\npm\node_modules\slide\lib\chain.js:15:14)
61 verbose stack     at chain (C:\Program Files\nodejs\node_modules\npm\node_modules\slide\lib\chain.js:20:5)
61 verbose stack     at C:\Program Files\nodejs\node_modules\npm\lib\install.js:1038:5
61 verbose stack     at C:\Program Files\nodejs\node_modules\npm\lib\utils\locker.js:39:7
62 verbose pkgid n@2.1.8
63 verbose cwd C:\Users\Kolins\Desktop\meanapp
64 error Windows_NT 6.1.7601
65 error argv "C:\\Program Files\\nodejs\\node.exe" "C:\\Program Files\\nodejs\\node_modules\\npm\\bin\\npm-cli.js" "install" "-g" "n"
66 error node v4.5.0
67 error npm  v2.15.9
68 error code EBADPLATFORM
69 error notsup Unsupported
69 error notsup Not compatible with your operating system or architecture: n@2.1.8
69 error notsup Valid OS:    !win32
69 error notsup Valid Arch:  any
69 error notsup Actual OS:   win32
69 error notsup Actual Arch: x64
70 verbose exit [ 1, true ]
